  [1m[35m (2187.0ms)[0m  [1m[35mCREATE DATABASE "GameOn_development" ENCODING = 'unicode'[0m
  ↳ /Users/ajfair/.gem/ruby/2.6.5/bin/rake:23
  [1m[35m (403.5ms)[0m  [1m[35mCREATE DATABASE "GameOn_test" ENCODING = 'unicode'[0m
  ↳ /Users/ajfair/.gem/ruby/2.6.5/bin/rake:23
  [1m[35m (270.2ms)[0m  [1m[35mCREATE TABLE "schema_migrations" ("version" character varying NOT NULL PRIMARY KEY)[0m
  ↳ /Users/ajfair/.gem/ruby/2.6.5/bin/rake:23
  [1m[35m (5.1ms)[0m  [1m[35mCREATE TABLE "ar_internal_metadata" ("key" character varying NOT NULL PRIMARY KEY, "value" character varying, "created_at" timestamp NOT NULL, "updated_at" timestamp NOT NULL)[0m
  ↳ /Users/ajfair/.gem/ruby/2.6.5/bin/rake:23
  [1m[35m (1.1ms)[0m  [1m[34mSELECT "schema_migrations"."version" FROM "schema_migrations" ORDER BY "schema_migrations"."version" ASC[0m
  ↳ /Users/ajfair/.gem/ruby/2.6.5/bin/rake:23
  [1m[35m (0.4ms)[0m  [1m[34mSELECT "schema_migrations"."version" FROM "schema_migrations" ORDER BY "schema_migrations"."version" ASC[0m
  ↳ /Users/ajfair/.gem/ruby/2.6.5/bin/rake:23
  [1m[35m (0.8ms)[0m  [1m[34mSELECT pg_try_advisory_lock(4954522541969800800)[0m
  ↳ /Users/ajfair/.gem/ruby/2.6.5/bin/rake:23
  [1m[35m (0.4ms)[0m  [1m[34mSELECT "schema_migrations"."version" FROM "schema_migrations" ORDER BY "schema_migrations"."version" ASC[0m
  ↳ /Users/ajfair/.gem/ruby/2.6.5/bin/rake:23
  [1m[35m (0.3ms)[0m  [1m[34mSELECT pg_advisory_unlock(4954522541969800800)[0m
  ↳ /Users/ajfair/.gem/ruby/2.6.5/bin/rake:23
  [1m[35m (0.6ms)[0m  [1m[34mSELECT "schema_migrations"."version" FROM "schema_migrations" ORDER BY "schema_migrations"."version" ASC[0m
  ↳ /Users/ajfair/.gem/ruby/2.6.5/bin/rake:23
  [1m[35m (0.5ms)[0m  [1m[34mSELECT pg_try_advisory_lock(4954522541969800800)[0m
  ↳ /Users/ajfair/.gem/ruby/2.6.5/bin/rake:23
  [1m[35m (1.3ms)[0m  [1m[34mSELECT "schema_migrations"."version" FROM "schema_migrations" ORDER BY "schema_migrations"."version" ASC[0m
  ↳ /Users/ajfair/.gem/ruby/2.6.5/bin/rake:23
Migrating to DeviseCreateUsers (20200504121121)
  [1m[35m (0.3ms)[0m  [1m[35mBEGIN[0m
  ↳ /Users/ajfair/.gem/ruby/2.6.5/bin/rake:23
  [1m[35m (41.9ms)[0m  [1m[35mCREATE TABLE "users" ("id" bigserial primary key, "email" character varying DEFAULT '' NOT NULL, "encrypted_password" character varying DEFAULT '' NOT NULL, "reset_password_token" character varying, "reset_password_sent_at" timestamp, "remember_created_at" timestamp, "created_at" timestamp NOT NULL, "updated_at" timestamp NOT NULL)[0m
  ↳ db/migrate/20200504121121_devise_create_users.rb:5
  [1m[35m (1.5ms)[0m  [1m[35mCREATE UNIQUE INDEX  "index_users_on_email" ON "users"  ("email")[0m
  ↳ db/migrate/20200504121121_devise_create_users.rb:39
  [1m[35m (1.5ms)[0m  [1m[35mCREATE UNIQUE INDEX  "index_users_on_reset_password_token" ON "users"  ("reset_password_token")[0m
  ↳ db/migrate/20200504121121_devise_create_users.rb:40
  [1m[36mActiveRecord::SchemaMigration Create (0.8ms)[0m  [1m[32mINSERT INTO "schema_migrations" ("version") VALUES ($1) RETURNING "version"[0m  [["version", "20200504121121"]]
  ↳ /Users/ajfair/.gem/ruby/2.6.5/bin/rake:23
  [1m[35m (0.9ms)[0m  [1m[35mCOMMIT[0m
  ↳ /Users/ajfair/.gem/ruby/2.6.5/bin/rake:23
Migrating to CreatePosts (20200504131939)
  [1m[35m (0.4ms)[0m  [1m[35mBEGIN[0m
  ↳ /Users/ajfair/.gem/ruby/2.6.5/bin/rake:23
  [1m[35m (0.3ms)[0m  [1m[31mROLLBACK[0m
  ↳ /Users/ajfair/.gem/ruby/2.6.5/bin/rake:23
  [1m[35m (0.5ms)[0m  [1m[34mSELECT pg_advisory_unlock(4954522541969800800)[0m
  ↳ /Users/ajfair/.gem/ruby/2.6.5/bin/rake:23
  [1m[35m (0.5ms)[0m  [1m[34mSELECT pg_try_advisory_lock(4954522541969800800)[0m
  ↳ /Users/ajfair/.gem/ruby/2.6.5/bin/rake:23
  [1m[35m (2.4ms)[0m  [1m[34mSELECT "schema_migrations"."version" FROM "schema_migrations" ORDER BY "schema_migrations"."version" ASC[0m
  ↳ /Users/ajfair/.gem/ruby/2.6.5/bin/rake:23
Migrating to CreatePosts (20200504131939)
  [1m[35m (0.3ms)[0m  [1m[35mBEGIN[0m
  ↳ /Users/ajfair/.gem/ruby/2.6.5/bin/rake:23
  [1m[35m (18.5ms)[0m  [1m[35mCREATE TABLE "posts" ("id" bigserial primary key, "user_id" bigint NOT NULL, "title" character varying NOT NULL, "game" character varying NOT NULL, "description" character varying NOT NULL, "datetime" timestamp NOT NULL, "created_at" timestamp NOT NULL, "updated_at" timestamp NOT NULL)[0m
  ↳ db/migrate/20200504131939_create_posts.rb:3
  [1m[35m (1.7ms)[0m  [1m[35mCREATE  INDEX  "index_posts_on_user_id" ON "posts"  ("user_id")[0m
  ↳ db/migrate/20200504131939_create_posts.rb:3
  [1m[36mActiveRecord::SchemaMigration Create (1.0ms)[0m  [1m[32mINSERT INTO "schema_migrations" ("version") VALUES ($1) RETURNING "version"[0m  [["version", "20200504131939"]]
  ↳ /Users/ajfair/.gem/ruby/2.6.5/bin/rake:23
  [1m[35m (0.6ms)[0m  [1m[35mCOMMIT[0m
  ↳ /Users/ajfair/.gem/ruby/2.6.5/bin/rake:23
  [1m[36mActiveRecord::InternalMetadata Load (23.9ms)[0m  [1m[34mSELECT  "ar_internal_metadata".* FROM "ar_internal_metadata" WHERE "ar_internal_metadata"."key" = $1 LIMIT $2[0m  [["key", "environment"], ["LIMIT", 1]]
  ↳ /Users/ajfair/.gem/ruby/2.6.5/bin/rake:23
  [1m[35m (0.3ms)[0m  [1m[35mBEGIN[0m
  ↳ /Users/ajfair/.gem/ruby/2.6.5/bin/rake:23
  [1m[36mActiveRecord::InternalMetadata Create (0.8ms)[0m  [1m[32mINSERT INTO "ar_internal_metadata" ("key", "value", "created_at", "updated_at") VALUES ($1, $2, $3, $4) RETURNING "key"[0m  [["key", "environment"], ["value", "development"], ["created_at", "2020-05-05 15:18:53.632350"], ["updated_at", "2020-05-05 15:18:53.632350"]]
  ↳ /Users/ajfair/.gem/ruby/2.6.5/bin/rake:23
  [1m[35m (0.6ms)[0m  [1m[35mCOMMIT[0m
  ↳ /Users/ajfair/.gem/ruby/2.6.5/bin/rake:23
  [1m[35m (0.5ms)[0m  [1m[34mSELECT pg_advisory_unlock(4954522541969800800)[0m
  ↳ /Users/ajfair/.gem/ruby/2.6.5/bin/rake:23
  [1m[35m (0.4ms)[0m  [1m[34mSELECT "schema_migrations"."version" FROM "schema_migrations" ORDER BY "schema_migrations"."version" ASC[0m
  ↳ /Users/ajfair/.gem/ruby/2.6.5/bin/rake:23
